android/app/build/intermediates/manifest_merge_blame_file/release/manifest-merger-blame-release-report.txt
1<?xml version="1.0" encoding="utf-8"?>
2<manifest xmlns:android="http://schemas.android.com/apk/res/android"
3    package="com.reportsiniestros"
4    android:versionCode="1"
5    android:versionName="1.0" >
6
7    <uses-sdk
8        android:minSdkVersion="21"
8-->src\main\AndroidManifest.xml
9        android:targetSdkVersion="30" />
9-->src\main\AndroidManifest.xml
10
11    <uses-permission android:name="android.permission.INTERNET" />
11-->src\main\AndroidManifest.xml:4:5-67
11-->src\main\AndroidManifest.xml:4:22-64
12    <uses-permission android:name="android.permission.ACCESS_NETWORK_STATE" />
12-->src\main\AndroidManifest.xml:5:5-79
12-->src\main\AndroidManifest.xml:5:22-76
13    <uses-permission android:name="android.permission.ACCESS_WIFI_STATE" />
13-->src\main\AndroidManifest.xml:6:5-75
13-->src\main\AndroidManifest.xml:6:22-73
14    <uses-permission android:name="android.permission.WAKE_LOCK" />
14-->src\main\AndroidManifest.xml:8:5-68
14-->src\main\AndroidManifest.xml:8:22-65
15    <uses-permission android:name="android.permission.CAMERA" />
15-->src\main\AndroidManifest.xml:9:5-64
15-->src\main\AndroidManifest.xml:9:22-62
16    <uses-permission android:name="android.permission.WRITE_EXTERNAL_STORAGE" />
16-->src\main\AndroidManifest.xml:10:5-80
16-->src\main\AndroidManifest.xml:10:22-78
17    <uses-permission android:name="android.permission.SYSTEM_ALERT_WINDOW" />
17-->src\main\AndroidManifest.xml:11:5-77
17-->src\main\AndroidManifest.xml:11:22-75
18    <uses-permission android:name="android.permission.VIBRATE" />
18-->src\main\AndroidManifest.xml:12:5-66
18-->src\main\AndroidManifest.xml:12:22-63
19    <uses-permission android:name="android.permission.RECEIVE_BOOT_COMPLETED" />
19-->src\main\AndroidManifest.xml:13:5-81
19-->src\main\AndroidManifest.xml:13:22-78
20    <uses-permission android:name="android.permission.USE_BIOMETRIC" />
20-->[:react-native-sensitive-info] AndroidManifest.xml:9:5-72
20-->[:react-native-sensitive-info] AndroidManifest.xml:9:22-69
21    <uses-permission android:name="android.permission.USE_FINGERPRINT" /> <!-- Required by older versions of Google Play services to create IID tokens -->
21-->[:react-native-sensitive-info] AndroidManifest.xml:10:5-74
21-->[:react-native-sensitive-info] AndroidManifest.xml:10:22-71
22    <uses-permission android:name="com.google.android.c2dm.permission.RECEIVE" />
22-->[com.google.android.gms:play-services-iid:17.0.0] AndroidManifest.xml:23:5-82
22-->[com.google.android.gms:play-services-iid:17.0.0] AndroidManifest.xml:23:22-79
23    <uses-permission android:name="com.google.android.finsky.permission.BIND_GET_INSTALL_REFERRER_SERVICE" />
23-->[com.android.installreferrer:installreferrer:1.1.2] AndroidManifest.xml:9:5-110
23-->[com.android.installreferrer:installreferrer:1.1.2] AndroidManifest.xml:9:22-107
24
25    <application
25-->src\main\AndroidManifest.xml:15:5-33:19
26        android:name="com.reportsiniestros.MainApplication"
26-->src\main\AndroidManifest.xml:16:7-38
27        android:allowBackup="false"
27-->src\main\AndroidManifest.xml:20:7-34
28        android:appComponentFactory="androidx.core.app.CoreComponentFactory"
28-->[androidx.core:core:1.1.0] AndroidManifest.xml:24:18-86
29        android:icon="@mipmap/ic_launcher"
29-->src\main\AndroidManifest.xml:18:7-41
30        android:label="@string/app_name"
30-->src\main\AndroidManifest.xml:17:7-39
31        android:roundIcon="@mipmap/ic_launcher_round"
31-->src\main\AndroidManifest.xml:19:7-52
32        android:theme="@style/AppTheme" >
32-->src\main\AndroidManifest.xml:21:7-38
33        <activity
33-->src\main\AndroidManifest.xml:22:7-32:18
34            android:name="com.reportsiniestros.MainActivity"
34-->src\main\AndroidManifest.xml:23:9-37
35            android:configChanges="keyboard|keyboardHidden|orientation|screenSize|uiMode"
35-->src\main\AndroidManifest.xml:25:9-86
36            android:label="@string/app_name"
36-->src\main\AndroidManifest.xml:24:9-41
37            android:launchMode="singleTask"
37-->src\main\AndroidManifest.xml:26:9-40
38            android:windowSoftInputMode="adjustResize" >
38-->src\main\AndroidManifest.xml:27:9-51
39            <intent-filter>
39-->src\main\AndroidManifest.xml:28:9-31:25
40                <action android:name="android.intent.action.MAIN" />
40-->src\main\AndroidManifest.xml:29:13-65
40-->src\main\AndroidManifest.xml:29:21-62
41
42                <category android:name="android.intent.category.LAUNCHER" />
42-->src\main\AndroidManifest.xml:30:13-73
42-->src\main\AndroidManifest.xml:30:23-70
43            </intent-filter>
44        </activity>
45
46        <provider
46-->[:connectedbits_react-native-image-picker] AndroidManifest.xml:10:9-18:20
47            android:name="com.imagepicker.FileProvider"
47-->[:connectedbits_react-native-image-picker] AndroidManifest.xml:11:13-56
48            android:authorities="com.reportsiniestros.provider"
48-->[:connectedbits_react-native-image-picker] AndroidManifest.xml:12:13-60
49            android:exported="false"
49-->[:connectedbits_react-native-image-picker] AndroidManifest.xml:13:13-37
50            android:grantUriPermissions="true" >
50-->[:connectedbits_react-native-image-picker] AndroidManifest.xml:14:13-47
51            <meta-data
51-->[:connectedbits_react-native-image-picker] AndroidManifest.xml:15:13-17:58
52                android:name="android.support.FILE_PROVIDER_PATHS"
52-->[:connectedbits_react-native-image-picker] AndroidManifest.xml:16:17-67
53                android:resource="@xml/provider_paths" />
53-->[:connectedbits_react-native-image-picker] AndroidManifest.xml:17:17-55
54        </provider>
55
56        <activity
56-->[androidx.biometric:biometric:1.0.1] AndroidManifest.xml:28:9-31:67
57            android:name="androidx.biometric.DeviceCredentialHandlerActivity"
57-->[androidx.biometric:biometric:1.0.1] AndroidManifest.xml:29:13-78
58            android:exported="true"
58-->[androidx.biometric:biometric:1.0.1] AndroidManifest.xml:30:13-36
59            android:theme="@style/DeviceCredentialHandlerTheme" />
59-->[androidx.biometric:biometric:1.0.1] AndroidManifest.xml:31:13-64
60        <activity
60-->[com.google.android.gms:play-services-base:17.0.0] AndroidManifest.xml:23:9-26:75
61            android:name="com.google.android.gms.common.api.GoogleApiActivity"
61-->[com.google.android.gms:play-services-base:17.0.0] AndroidManifest.xml:24:13-79
62            android:exported="false"
62-->[com.google.android.gms:play-services-base:17.0.0] AndroidManifest.xml:25:13-37
63            android:theme="@android:style/Theme.Translucent.NoTitleBar" />
63-->[com.google.android.gms:play-services-base:17.0.0] AndroidManifest.xml:26:13-72
64
65        <meta-data
65-->[com.google.android.gms:play-services-basement:17.0.0] AndroidManifest.xml:23:9-25:69
66            android:name="com.google.android.gms.version"
66-->[com.google.android.gms:play-services-basement:17.0.0] AndroidManifest.xml:24:13-58
67            android:value="@integer/google_play_services_version" />
67-->[com.google.android.gms:play-services-basement:17.0.0] AndroidManifest.xml:25:13-66
68    </application>
69
70</manifest>